<?xml version="1.0" encoding="UTF-8"?>
<testng-results ignored="0" total="1" passed="1" failed="0" skipped="0">
  <reporter-output>
  </reporter-output>
  <suite started-at="2026-07-28T15:26:29 IST" name="Default suite" finished-at="2026-07-28T15:26:37 IST" duration-ms="8295">
    <groups>
    </groups>
    <test started-at="2026-07-28T15:26:29 IST" name="Default test" finished-at="2026-07-28T15:26:37 IST" duration-ms="8295">
      <class name="com.RESTAssured.Example.CSV_File_Using_REST">
        <test-method is-config="true" signature="setup()[pri:0, instance:com.RESTAssured.Example.CSV_File_Using_REST@7d8995e]" started-at="2026-07-28T15:26:29 IST" name="setup" finished-at="2026-07-28T15:26:29 IST" duration-ms="618" status="PASS">
          <reporter-output>
          </reporter-output>
        </test-method> <!-- setup -->
        <test-method signature="postRequestUsingCSV()[pri:0, instance:com.RESTAssured.Example.CSV_File_Using_REST@7d8995e]" started-at="2026-07-28T15:26:29 IST" name="postRequestUsingCSV" finished-at="2026-07-28T15:26:37 IST" duration-ms="7623" status="PASS">
          <reporter-output>
          </reporter-output>
        </test-method> <!-- postRequestUsingCSV -->
      </class> <!-- com.RESTAssured.Example.CSV_File_Using_REST -->
    </test> <!-- Default test -->
  </suite> <!-- Default suite -->
</testng-results>
