<?xml version="1.0" encoding="UTF-8"?>
<testng-results ignored="0" total="1" passed="1" failed="0" skipped="0">
  <reporter-output>
  </reporter-output>
  <suite started-at="2026-07-22T10:35:17 IST" name="Default suite" finished-at="2026-07-22T10:35:18 IST" duration-ms="1464">
    <groups>
    </groups>
    <test started-at="2026-07-22T10:35:17 IST" name="Default test" finished-at="2026-07-22T10:35:18 IST" duration-ms="1464">
      <class name="com.JDBC.Connection.Delete_and_Other_Operation">
        <test-method signature="establish_DataBase_Connection()[pri:0, instance:com.JDBC.Connection.Delete_and_Other_Operation@6f15d60e]" started-at="2026-07-22T10:35:17 IST" name="establish_DataBase_Connection" finished-at="2026-07-22T10:35:18 IST" duration-ms="1267" status="PASS">
          <reporter-output>
          </reporter-output>
        </test-method> <!-- establish_DataBase_Connection -->
      </class> <!-- com.JDBC.Connection.Delete_and_Other_Operation -->
    </test> <!-- Default test -->
  </suite> <!-- Default suite -->
</testng-results>
