<?xml version="1.0" encoding="UTF-8"?>
<testng-results ignored="0" total="1" passed="1" failed="0" skipped="0">
  <reporter-output>
  </reporter-output>
  <suite started-at="2026-07-27T12:27:41 IST" name="Default suite" finished-at="2026-07-27T12:27:58 IST" duration-ms="17429">
    <groups>
    </groups>
    <test started-at="2026-07-27T12:27:41 IST" name="Default test" finished-at="2026-07-27T12:27:58 IST" duration-ms="17429">
      <class name="com.RestAssureed.Example.PostMethod">
        <test-method signature="completePost()[pri:0, instance:com.RestAssureed.Example.PostMethod@71687585]" started-at="2026-07-27T12:27:41 IST" name="completePost" finished-at="2026-07-27T12:27:58 IST" duration-ms="17280" status="PASS">
          <reporter-output>
          </reporter-output>
        </test-method> <!-- completePost -->
      </class> <!-- com.RestAssureed.Example.PostMethod -->
    </test> <!-- Default test -->
  </suite> <!-- Default suite -->
</testng-results>
