<?xml version="1.0" encoding="UTF-8"?>
<testng-results ignored="0" total="1" passed="1" failed="0" skipped="0">
  <reporter-output>
  </reporter-output>
  <suite started-at="2026-07-17T10:52:50 IST" name="Default suite" finished-at="2026-07-17T10:53:45 IST" duration-ms="55372">
    <groups>
    </groups>
    <test started-at="2026-07-17T10:52:50 IST" name="Default test" finished-at="2026-07-17T10:53:45 IST" duration-ms="55372">
      <class name="com.Listbox_Items.Exmaple.List_Box_Items">
        <test-method signature="drop()[pri:0, instance:com.Listbox_Items.Exmaple.List_Box_Items@49ec71f8]" started-at="2026-07-17T10:52:50 IST" name="drop" finished-at="2026-07-17T10:53:45 IST" duration-ms="55305" status="PASS">
          <reporter-output>
          </reporter-output>
        </test-method> <!-- drop -->
      </class> <!-- com.Listbox_Items.Exmaple.List_Box_Items -->
    </test> <!-- Default test -->
  </suite> <!-- Default suite -->
</testng-results>
