<?xml version="1.0" encoding="UTF-8"?>
<testng-results ignored="0" total="1" passed="1" failed="0" skipped="0">
  <reporter-output>
  </reporter-output>
  <suite started-at="2026-07-17T12:28:52 IST" name="Default suite" finished-at="2026-07-17T12:30:31 IST" duration-ms="99334">
    <groups>
    </groups>
    <test started-at="2026-07-17T12:28:52 IST" name="Default test" finished-at="2026-07-17T12:30:31 IST" duration-ms="99334">
      <class name="com.Multiple_frames.Example.multiple_frames">
        <test-method signature="multiple_frames()[pri:0, instance:com.Multiple_frames.Example.multiple_frames@49ec71f8]" started-at="2026-07-17T12:28:52 IST" name="multiple_frames" finished-at="2026-07-17T12:30:31 IST" duration-ms="99253" status="PASS">
          <reporter-output>
          </reporter-output>
        </test-method> <!-- multiple_frames -->
      </class> <!-- com.Multiple_frames.Example.multiple_frames -->
    </test> <!-- Default test -->
  </suite> <!-- Default suite -->
</testng-results>
